<?xml version="1.0" encoding="UTF-8"?>
<coverage generated="1769776638432" clover="3.2.0">
  <project timestamp="1769776638432" name="All files">
    <metrics statements="251" coveredstatements="225" conditionals="73" coveredconditionals="61" methods="58" coveredmethods="51" elements="382" coveredelements="337" complexity="0" loc="251" ncloc="251" packages="4" files="9" classes="9"/>
    <package name="src">
      <metrics statements="158" coveredstatements="142" conditionals="38" coveredconditionals="29" methods="32" coveredmethods="28"/>
      <file name="DoublyLinkNode.ts" path="/home/anas/Desktop/my/typescripts/src/DoublyLinkNode.ts">
        <metrics statements="15" coveredstatements="15" conditionals="0" coveredconditionals="0" methods="9" coveredmethods="9"/>
        <line num="4" count="180" type="stmt"/>
        <line num="5" count="180" type="stmt"/>
        <line num="8" count="180" type="stmt"/>
        <line num="9" count="180" type="stmt"/>
        <line num="10" count="180" type="stmt"/>
        <line num="11" count="180" type="stmt"/>
        <line num="14" count="15" type="stmt"/>
        <line num="17" count="62" type="stmt"/>
        <line num="20" count="7" type="stmt"/>
        <line num="23" count="288" type="stmt"/>
        <line num="26" count="170" type="stmt"/>
        <line num="29" count="384" type="stmt"/>
        <line num="32" count="384" type="stmt"/>
        <line num="35" count="9" type="stmt"/>
        <line num="39" count="4" type="stmt"/>
      </file>
      <file name="DoublyLinkedList.ts" path="/home/anas/Desktop/my/typescripts/src/DoublyLinkedList.ts">
        <metrics statements="52" coveredstatements="49" conditionals="12" coveredconditionals="6" methods="10" coveredmethods="8"/>
        <line num="1" count="3" type="stmt"/>
        <line num="4" count="51" type="stmt"/>
        <line num="5" count="51" type="stmt"/>
        <line num="6" count="51" type="stmt"/>
        <line num="8" count="51" type="stmt"/>
        <line num="9" count="51" type="stmt"/>
        <line num="10" count="51" type="stmt"/>
        <line num="11" count="51" type="stmt"/>
        <line num="12" count="51" type="stmt"/>
        <line num="15" count="122" type="stmt"/>
        <line num="16" count="122" type="stmt"/>
        <line num="17" count="122" type="stmt"/>
        <line num="18" count="122" type="stmt"/>
        <line num="19" count="122" type="stmt"/>
        <line num="20" count="122" type="stmt"/>
        <line num="23" count="4" type="stmt"/>
        <line num="24" count="4" type="stmt"/>
        <line num="25" count="4" type="stmt"/>
        <line num="26" count="4" type="stmt"/>
        <line num="27" count="4" type="stmt"/>
        <line num="28" count="4" type="stmt"/>
        <line num="31" count="73" type="stmt"/>
        <line num="32" count="73" type="stmt"/>
        <line num="33" count="73" type="stmt"/>
        <line num="36" count="0" type="stmt"/>
        <line num="39" count="68" type="stmt"/>
        <line num="42" count="0" type="cond" truecount="0" falsecount="2"/>
        <line num="46" count="13" type="cond" truecount="1" falsecount="1"/>
        <line num="50" count="4" type="stmt"/>
        <line num="51" count="4" type="stmt"/>
        <line num="52" count="4" type="stmt"/>
        <line num="53" count="9" type="stmt"/>
        <line num="54" count="9" type="stmt"/>
        <line num="56" count="4" type="stmt"/>
        <line num="57" count="4" type="stmt"/>
        <line num="61" count="1" type="cond" truecount="1" falsecount="1"/>
        <line num="62" count="0" type="stmt"/>
        <line num="66" count="1" type="stmt"/>
        <line num="67" count="1" type="stmt"/>
        <line num="70" count="1" type="stmt"/>
        <line num="71" count="1" type="cond" truecount="2" falsecount="0"/>
        <line num="72" count="4" type="stmt"/>
        <line num="73" count="4" type="stmt"/>
        <line num="74" count="4" type="stmt"/>
        <line num="75" count="4" type="stmt"/>
        <line num="80" count="1" type="stmt"/>
        <line num="81" count="1" type="cond" truecount="1" falsecount="1"/>
        <line num="82" count="1" type="stmt"/>
        <line num="86" count="1" type="stmt"/>
        <line num="87" count="1" type="cond" truecount="1" falsecount="1"/>
        <line num="88" count="1" type="stmt"/>
        <line num="94" count="3" type="stmt"/>
      </file>
      <file name="LFUCache.ts" path="/home/anas/Desktop/my/typescripts/src/LFUCache.ts">
        <metrics statements="46" coveredstatements="46" conditionals="18" coveredconditionals="16" methods="6" coveredmethods="6"/>
        <line num="1" count="1" type="stmt"/>
        <line num="2" count="1" type="stmt"/>
        <line num="4" count="1" type="stmt"/>
        <line num="6" count="19" type="stmt"/>
        <line num="7" count="19" type="stmt"/>
        <line num="8" count="19" type="stmt"/>
        <line num="9" count="19" type="stmt"/>
        <line num="11" count="19" type="stmt"/>
        <line num="14" count="12" type="stmt"/>
        <line num="17" count="1" type="stmt"/>
        <line num="20" count="101" type="stmt"/>
        <line num="21" count="101" type="cond" truecount="2" falsecount="0"/>
        <line num="22" count="52" type="stmt"/>
        <line num="23" count="52" type="cond" truecount="2" falsecount="0"/>
        <line num="24" count="29" type="cond" truecount="2" falsecount="0"/>
        <line num="25" count="18" type="stmt"/>
        <line num="29" count="101" type="cond" truecount="2" falsecount="0"/>
        <line num="30" count="101" type="stmt"/>
        <line num="31" count="101" type="stmt"/>
        <line num="32" count="101" type="stmt"/>
        <line num="35" count="59" type="stmt"/>
        <line num="36" count="59" type="cond" truecount="2" falsecount="0"/>
        <line num="37" count="12" type="stmt"/>
        <line num="39" count="47" type="stmt"/>
        <line num="40" count="47" type="stmt"/>
        <line num="41" count="47" type="stmt"/>
        <line num="44" count="54" type="stmt"/>
        <line num="45" count="54" type="cond" truecount="2" falsecount="0"/>
        <line num="46" count="5" type="stmt"/>
        <line num="47" count="5" type="stmt"/>
        <line num="48" count="5" type="stmt"/>
        <line num="49" count="5" type="stmt"/>
        <line num="51" count="49" type="cond" truecount="2" falsecount="0"/>
        <line num="53" count="11" type="stmt"/>
        <line num="54" count="11" type="cond" truecount="1" falsecount="1"/>
        <line num="55" count="11" type="stmt"/>
        <line num="56" count="11" type="cond" truecount="1" falsecount="1"/>
        <line num="57" count="11" type="stmt"/>
        <line num="58" count="11" type="stmt"/>
        <line num="59" count="11" type="stmt"/>
        <line num="63" count="49" type="stmt"/>
        <line num="64" count="49" type="stmt"/>
        <line num="65" count="49" type="stmt"/>
        <line num="66" count="49" type="stmt"/>
        <line num="67" count="49" type="stmt"/>
        <line num="69" count="49" type="stmt"/>
      </file>
      <file name="LRUCache.ts" path="/home/anas/Desktop/my/typescripts/src/LRUCache.ts">
        <metrics statements="33" coveredstatements="32" conditionals="8" coveredconditionals="7" methods="7" coveredmethods="5"/>
        <line num="1" count="1" type="stmt"/>
        <line num="2" count="1" type="stmt"/>
        <line num="5" count="6" type="stmt"/>
        <line num="6" count="6" type="stmt"/>
        <line num="9" count="6" type="stmt"/>
        <line num="14" count="5" type="stmt"/>
        <line num="17" count="1" type="stmt"/>
        <line num="20" count="10" type="stmt"/>
        <line num="21" count="10" type="cond" truecount="2" falsecount="0"/>
        <line num="22" count="7" type="stmt"/>
        <line num="23" count="7" type="stmt"/>
        <line num="24" count="7" type="stmt"/>
        <line num="26" count="3" type="stmt"/>
        <line num="29" count="9" type="stmt"/>
        <line num="30" count="9" type="cond" truecount="2" falsecount="0"/>
        <line num="31" count="1" type="stmt"/>
        <line num="32" count="1" type="stmt"/>
        <line num="33" count="1" type="stmt"/>
        <line num="34" count="1" type="stmt"/>
        <line num="36" count="8" type="cond" truecount="2" falsecount="0"/>
        <line num="37" count="2" type="stmt"/>
        <line num="38" count="2" type="cond" truecount="1" falsecount="1"/>
        <line num="39" count="2" type="stmt"/>
        <line num="40" count="2" type="stmt"/>
        <line num="42" count="2" type="stmt"/>
        <line num="43" count="2" type="stmt"/>
        <line num="44" count="2" type="stmt"/>
        <line num="46" count="6" type="stmt"/>
        <line num="47" count="6" type="stmt"/>
        <line num="48" count="6" type="stmt"/>
        <line num="50" count="8" type="stmt"/>
        <line num="57" count="0" type="stmt"/>
        <line num="62" count="1" type="stmt"/>
      </file>
      <file name="index.ts" path="/home/anas/Desktop/my/typescripts/src/index.ts">
        <metrics statements="12" coveredstatements="0" conditionals="0" coveredconditionals="0" methods="0" coveredmethods="0"/>
        <line num="1" count="0" type="stmt"/>
        <line num="2" count="0" type="stmt"/>
        <line num="4" count="0" type="stmt"/>
        <line num="5" count="0" type="stmt"/>
        <line num="6" count="0" type="stmt"/>
        <line num="7" count="0" type="stmt"/>
        <line num="8" count="0" type="stmt"/>
        <line num="9" count="0" type="stmt"/>
        <line num="10" count="0" type="stmt"/>
        <line num="11" count="0" type="stmt"/>
        <line num="12" count="0" type="stmt"/>
        <line num="13" count="0" type="stmt"/>
      </file>
    </package>
    <package name="src.LinkedList">
      <metrics statements="44" coveredstatements="36" conditionals="6" coveredconditionals="5" methods="14" coveredmethods="12"/>
      <file name="LinkedList.ts" path="/home/anas/Desktop/my/typescripts/src/LinkedList/LinkedList.ts">
        <metrics statements="36" coveredstatements="29" conditionals="6" coveredconditionals="5" methods="9" coveredmethods="8"/>
        <line num="1" count="3" type="stmt"/>
        <line num="4" count="36" type="stmt"/>
        <line num="5" count="36" type="stmt"/>
        <line num="7" count="36" type="stmt"/>
        <line num="8" count="39" type="stmt"/>
        <line num="13" count="152" type="stmt"/>
        <line num="16" count="103" type="stmt"/>
        <line num="17" count="103" type="stmt"/>
        <line num="18" count="103" type="stmt"/>
        <line num="19" count="103" type="stmt"/>
        <line num="22" count="4" type="stmt"/>
        <line num="23" count="4" type="stmt"/>
        <line num="24" count="19" type="stmt"/>
        <line num="26" count="4" type="stmt"/>
        <line num="27" count="4" type="stmt"/>
        <line num="30" count="0" type="stmt"/>
        <line num="31" count="0" type="stmt"/>
        <line num="32" count="0" type="stmt"/>
        <line num="34" count="0" type="stmt"/>
        <line num="35" count="0" type="stmt"/>
        <line num="38" count="100" type="stmt"/>
        <line num="41" count="6" type="stmt"/>
        <line num="42" count="6" type="cond" truecount="2" falsecount="0"/>
        <line num="43" count="6" type="cond" truecount="2" falsecount="0"/>
        <line num="44" count="6" type="stmt"/>
        <line num="45" count="6" type="stmt"/>
        <line num="47" count="6" type="stmt"/>
        <line num="50" count="34" type="stmt"/>
        <line num="51" count="34" type="stmt"/>
        <line num="52" count="34" type="cond" truecount="1" falsecount="1"/>
        <line num="53" count="34" type="stmt"/>
        <line num="54" count="34" type="stmt"/>
        <line num="55" count="34" type="stmt"/>
        <line num="57" count="0" type="stmt"/>
        <line num="59" count="0" type="stmt"/>
        <line num="64" count="3" type="stmt"/>
      </file>
      <file name="LinkedListNode.ts" path="/home/anas/Desktop/my/typescripts/src/LinkedList/LinkedListNode.ts">
        <metrics statements="8" coveredstatements="7" conditionals="0" coveredconditionals="0" methods="5" coveredmethods="4"/>
        <line num="3" count="143" type="stmt"/>
        <line num="5" count="143" type="stmt"/>
        <line num="6" count="143" type="stmt"/>
        <line num="9" count="55" type="stmt"/>
        <line num="12" count="451" type="stmt"/>
        <line num="15" count="244" type="stmt"/>
        <line num="18" count="0" type="stmt"/>
        <line num="22" count="3" type="stmt"/>
      </file>
    </package>
    <package name="src.Stack">
      <metrics statements="22" coveredstatements="21" conditionals="7" coveredconditionals="6" methods="10" coveredmethods="9"/>
      <file name="Stack.ts" path="/home/anas/Desktop/my/typescripts/src/Stack/Stack.ts">
        <metrics statements="22" coveredstatements="21" conditionals="7" coveredconditionals="6" methods="10" coveredmethods="9"/>
        <line num="1" count="2" type="stmt"/>
        <line num="7" count="26" type="cond" truecount="2" falsecount="0"/>
        <line num="8" count="26" type="stmt"/>
        <line num="11" count="152" type="stmt"/>
        <line num="14" count="0" type="stmt"/>
        <line num="17" count="63" type="cond" truecount="2" falsecount="0"/>
        <line num="18" count="1" type="stmt"/>
        <line num="20" count="62" type="stmt"/>
        <line num="23" count="35" type="cond" truecount="2" falsecount="0"/>
        <line num="24" count="1" type="stmt"/>
        <line num="26" count="34" type="stmt"/>
        <line num="27" count="34" type="stmt"/>
        <line num="28" count="34" type="stmt"/>
        <line num="31" count="5" type="stmt"/>
        <line num="32" count="5" type="stmt"/>
        <line num="33" count="10" type="stmt"/>
        <line num="35" count="5" type="stmt"/>
        <line num="38" count="47" type="stmt"/>
        <line num="41" count="2" type="stmt"/>
        <line num="44" count="1" type="stmt"/>
        <line num="47" count="1" type="stmt"/>
        <line num="52" count="2" type="stmt"/>
      </file>
    </package>
    <package name="src.Stack.problems">
      <metrics statements="27" coveredstatements="26" conditionals="22" coveredconditionals="21" methods="2" coveredmethods="2"/>
      <file name="paranthesisMatching.ts" path="/home/anas/Desktop/my/typescripts/src/Stack/problems/paranthesisMatching.ts">
        <metrics statements="27" coveredstatements="26" conditionals="22" coveredconditionals="21" methods="2" coveredmethods="2"/>
        <line num="1" count="1" type="stmt"/>
        <line num="8" count="1" type="stmt"/>
        <line num="9" count="13" type="stmt"/>
        <line num="10" count="13" type="stmt"/>
        <line num="11" count="53" type="stmt"/>
        <line num="12" count="53" type="cond" truecount="2" falsecount="0"/>
        <line num="13" count="27" type="stmt"/>
        <line num="14" count="26" type="cond" truecount="2" falsecount="0"/>
        <line num="15" count="25" type="cond" truecount="2" falsecount="0"/>
        <line num="16" count="1" type="stmt"/>
        <line num="18" count="24" type="stmt"/>
        <line num="20" count="1" type="stmt"/>
        <line num="23" count="11" type="stmt"/>
        <line num="26" count="1" type="stmt"/>
        <line num="27" count="3" type="stmt"/>
        <line num="28" count="3" type="stmt"/>
        <line num="29" count="43" type="stmt"/>
        <line num="30" count="43" type="cond" truecount="5" falsecount="0"/>
        <line num="31" count="9" type="stmt"/>
        <line num="32" count="34" type="cond" truecount="5" falsecount="0"/>
        <line num="33" count="8" type="cond" truecount="1" falsecount="1"/>
        <line num="34" count="0" type="stmt"/>
        <line num="36" count="8" type="stmt"/>
        <line num="37" count="8" type="stmt"/>
        <line num="39" count="8" type="cond" truecount="4" falsecount="0"/>
        <line num="40" count="1" type="stmt"/>
        <line num="44" count="2" type="stmt"/>
      </file>
    </package>
  </project>
</coverage>
