{"/home/anas/Desktop/my/typescripts/src/DoublyLinkNode.ts": {"path":"/home/anas/Desktop/my/typescripts/src/DoublyLinkNode.ts","statementMap":{"0":{"start":{"line":4,"column":12},"end":{"line":4,"column":53}},"1":{"start":{"line":5,"column":12},"end":{"line":5,"column":53}},"2":{"start":{"line":8,"column":8},"end":{"line":8,"column":23}},"3":{"start":{"line":9,"column":8},"end":{"line":9,"column":27}},"4":{"start":{"line":10,"column":8},"end":{"line":10,"column":25}},"5":{"start":{"line":11,"column":8},"end":{"line":11,"column":25}},"6":{"start":{"line":14,"column":8},"end":{"line":14,"column":24}},"7":{"start":{"line":17,"column":8},"end":{"line":17,"column":26}},"8":{"start":{"line":20,"column":8},"end":{"line":20,"column":27}},"9":{"start":{"line":23,"column":8},"end":{"line":23,"column":25}},"10":{"start":{"line":26,"column":8},"end":{"line":26,"column":25}},"11":{"start":{"line":29,"column":8},"end":{"line":29,"column":25}},"12":{"start":{"line":32,"column":8},"end":{"line":32,"column":25}},"13":{"start":{"line":35,"column":8},"end":{"line":35,"column":60}},"14":{"start":{"line":39,"column":0},"end":{"line":39,"column":30}}},"fnMap":{"0":{"name":"(anonymous_0)","decl":{"start":{"line":7,"column":4},"end":{"line":7,"column":16}},"loc":{"start":{"line":7,"column":32},"end":{"line":12,"column":5}}},"1":{"name":"(anonymous_1)","decl":{"start":{"line":13,"column":11},"end":{"line":13,"column":17}},"loc":{"start":{"line":13,"column":17},"end":{"line":15,"column":5}}},"2":{"name":"(anonymous_2)","decl":{"start":{"line":16,"column":11},"end":{"line":16,"column":19}},"loc":{"start":{"line":16,"column":19},"end":{"line":18,"column":5}}},"3":{"name":"(anonymous_3)","decl":{"start":{"line":19,"column":11},"end":{"line":19,"column":19}},"loc":{"start":{"line":19,"column":28},"end":{"line":21,"column":5}}},"4":{"name":"(anonymous_4)","decl":{"start":{"line":22,"column":11},"end":{"line":22,"column":18}},"loc":{"start":{"line":22,"column":18},"end":{"line":24,"column":5}}},"5":{"name":"(anonymous_5)","decl":{"start":{"line":25,"column":11},"end":{"line":25,"column":18}},"loc":{"start":{"line":25,"column":18},"end":{"line":27,"column":5}}},"6":{"name":"(anonymous_6)","decl":{"start":{"line":28,"column":11},"end":{"line":28,"column":18}},"loc":{"start":{"line":28,"column":52},"end":{"line":30,"column":5}}},"7":{"name":"(anonymous_7)","decl":{"start":{"line":31,"column":11},"end":{"line":31,"column":18}},"loc":{"start":{"line":31,"column":52},"end":{"line":33,"column":5}}},"8":{"name":"(anonymous_8)","decl":{"start":{"line":34,"column":11},"end":{"line":34,"column":19}},"loc":{"start":{"line":34,"column":19},"end":{"line":36,"column":5}}}},"branchMap":{},"s":{"0":180,"1":180,"2":180,"3":180,"4":180,"5":180,"6":15,"7":62,"8":7,"9":288,"10":170,"11":384,"12":384,"13":9,"14":4},"f":{"0":180,"1":15,"2":62,"3":7,"4":288,"5":170,"6":384,"7":384,"8":9},"b":{}}
,"/home/anas/Desktop/my/typescripts/src/DoublyLinkedList.ts": {"path":"/home/anas/Desktop/my/typescripts/src/DoublyLinkedList.ts","statementMap":{"0":{"start":{"line":1,"column":0},"end":{"line":1,"column":46}},"1":{"start":{"line":4,"column":12},"end":{"line":4,"column":53}},"2":{"start":{"line":5,"column":12},"end":{"line":5,"column":53}},"3":{"start":{"line":6,"column":12},"end":{"line":6,"column":29}},"4":{"start":{"line":8,"column":8},"end":{"line":8,"column":77}},"5":{"start":{"line":9,"column":8},"end":{"line":9,"column":76}},"6":{"start":{"line":10,"column":8},"end":{"line":10,"column":37}},"7":{"start":{"line":11,"column":8},"end":{"line":11,"column":37}},"8":{"start":{"line":12,"column":8},"end":{"line":12,"column":22}},"9":{"start":{"line":15,"column":28},"end":{"line":15,"column":48}},"10":{"start":{"line":16,"column":8},"end":{"line":16,"column":35}},"11":{"start":{"line":17,"column":8},"end":{"line":17,"column":33}},"12":{"start":{"line":18,"column":8},"end":{"line":18,"column":32}},"13":{"start":{"line":19,"column":8},"end":{"line":19,"column":35}},"14":{"start":{"line":20,"column":8},"end":{"line":20,"column":20}},"15":{"start":{"line":23,"column":28},"end":{"line":23,"column":48}},"16":{"start":{"line":24,"column":8},"end":{"line":24,"column":35}},"17":{"start":{"line":25,"column":8},"end":{"line":25,"column":33}},"18":{"start":{"line":26,"column":8},"end":{"line":26,"column":35}},"19":{"start":{"line":27,"column":8},"end":{"line":27,"column":33}},"20":{"start":{"line":28,"column":8},"end":{"line":28,"column":20}},"21":{"start":{"line":31,"column":8},"end":{"line":31,"column":48}},"22":{"start":{"line":32,"column":8},"end":{"line":32,"column":48}},"23":{"start":{"line":33,"column":8},"end":{"line":33,"column":20}},"24":{"start":{"line":36,"column":8},"end":{"line":36,"column":155}},"25":{"start":{"line":39,"column":8},"end":{"line":39,"column":25}},"26":{"start":{"line":42,"column":8},"end":{"line":42,"column":44}},"27":{"start":{"line":46,"column":8},"end":{"line":46,"column":44}},"28":{"start":{"line":50,"column":22},"end":{"line":50,"column":42}},"29":{"start":{"line":51,"column":21},"end":{"line":51,"column":23}},"30":{"start":{"line":52,"column":8},"end":{"line":55,"column":9}},"31":{"start":{"line":53,"column":12},"end":{"line":53,"column":51}},"32":{"start":{"line":54,"column":12},"end":{"line":54,"column":41}},"33":{"start":{"line":56,"column":8},"end":{"line":56,"column":25}},"34":{"start":{"line":57,"column":8},"end":{"line":57,"column":22}},"35":{"start":{"line":61,"column":8},"end":{"line":63,"column":9}},"36":{"start":{"line":62,"column":12},"end":{"line":62,"column":19}},"37":{"start":{"line":66,"column":30},"end":{"line":66,"column":50}},"38":{"start":{"line":67,"column":29},"end":{"line":67,"column":49}},"39":{"start":{"line":70,"column":22},"end":{"line":70,"column":35}},"40":{"start":{"line":71,"column":8},"end":{"line":76,"column":9}},"41":{"start":{"line":72,"column":25},"end":{"line":72,"column":42}},"42":{"start":{"line":73,"column":12},"end":{"line":73,"column":47}},"43":{"start":{"line":74,"column":12},"end":{"line":74,"column":34}},"44":{"start":{"line":75,"column":12},"end":{"line":75,"column":27}},"45":{"start":{"line":80,"column":8},"end":{"line":80,"column":41}},"46":{"start":{"line":81,"column":8},"end":{"line":83,"column":9}},"47":{"start":{"line":82,"column":12},"end":{"line":82,"column":44}},"48":{"start":{"line":86,"column":8},"end":{"line":86,"column":42}},"49":{"start":{"line":87,"column":8},"end":{"line":89,"column":9}},"50":{"start":{"line":88,"column":12},"end":{"line":88,"column":45}},"51":{"start":{"line":94,"column":0},"end":{"line":94,"column":32}}},"fnMap":{"0":{"name":"(anonymous_1)","decl":{"start":{"line":7,"column":4},"end":{"line":7,"column":null}},"loc":{"start":{"line":7,"column":4},"end":{"line":13,"column":5}}},"1":{"name":"(anonymous_2)","decl":{"start":{"line":14,"column":11},"end":{"line":14,"column":20}},"loc":{"start":{"line":14,"column":47},"end":{"line":21,"column":5}}},"2":{"name":"(anonymous_3)","decl":{"start":{"line":22,"column":11},"end":{"line":22,"column":20}},"loc":{"start":{"line":22,"column":47},"end":{"line":29,"column":5}}},"3":{"name":"(anonymous_4)","decl":{"start":{"line":30,"column":11},"end":{"line":30,"column":21}},"loc":{"start":{"line":30,"column":48},"end":{"line":34,"column":5}}},"4":{"name":"(anonymous_5)","decl":{"start":{"line":35,"column":11},"end":{"line":35,"column":19}},"loc":{"start":{"line":35,"column":19},"end":{"line":37,"column":5}}},"5":{"name":"(anonymous_6)","decl":{"start":{"line":38,"column":11},"end":{"line":38,"column":18}},"loc":{"start":{"line":38,"column":18},"end":{"line":40,"column":5}}},"6":{"name":"(anonymous_7)","decl":{"start":{"line":41,"column":11},"end":{"line":41,"column":18}},"loc":{"start":{"line":41,"column":18},"end":{"line":43,"column":5}}},"7":{"name":"(anonymous_8)","decl":{"start":{"line":45,"column":11},"end":{"line":45,"column":18}},"loc":{"start":{"line":45,"column":18},"end":{"line":47,"column":5}}},"8":{"name":"(anonymous_9)","decl":{"start":{"line":49,"column":11},"end":{"line":49,"column":24}},"loc":{"start":{"line":49,"column":24},"end":{"line":58,"column":5}}},"9":{"name":"(anonymous_10)","decl":{"start":{"line":60,"column":11},"end":{"line":60,"column":18}},"loc":{"start":{"line":60,"column":18},"end":{"line":90,"column":5}}}},"branchMap":{"0":{"loc":{"start":{"line":42,"column":15},"end":{"line":42,"column":43}},"type":"binary-expr","locations":[{"start":{"line":42,"column":15},"end":{"line":42,"column":35}},{"start":{"line":42,"column":39},"end":{"line":42,"column":43}}]},"1":{"loc":{"start":{"line":46,"column":15},"end":{"line":46,"column":43}},"type":"binary-expr","locations":[{"start":{"line":46,"column":15},"end":{"line":46,"column":35}},{"start":{"line":46,"column":39},"end":{"line":46,"column":43}}]},"2":{"loc":{"start":{"line":61,"column":8},"end":{"line":63,"column":9}},"type":"if","locations":[{"start":{"line":61,"column":8},"end":{"line":63,"column":9}},{"start":{},"end":{}}]},"3":{"loc":{"start":{"line":71,"column":14},"end":{"line":71,"column":55}},"type":"binary-expr","locations":[{"start":{"line":71,"column":14},"end":{"line":71,"column":30}},{"start":{"line":71,"column":34},"end":{"line":71,"column":55}}]},"4":{"loc":{"start":{"line":81,"column":8},"end":{"line":83,"column":9}},"type":"if","locations":[{"start":{"line":81,"column":8},"end":{"line":83,"column":9}},{"start":{},"end":{}}]},"5":{"loc":{"start":{"line":87,"column":8},"end":{"line":89,"column":9}},"type":"if","locations":[{"start":{"line":87,"column":8},"end":{"line":89,"column":9}},{"start":{},"end":{}}]}},"s":{"0":3,"1":51,"2":51,"3":51,"4":51,"5":51,"6":51,"7":51,"8":51,"9":122,"10":122,"11":122,"12":122,"13":122,"14":122,"15":4,"16":4,"17":4,"18":4,"19":4,"20":4,"21":73,"22":73,"23":73,"24":0,"25":68,"26":0,"27":13,"28":4,"29":4,"30":4,"31":9,"32":9,"33":4,"34":4,"35":1,"36":0,"37":1,"38":1,"39":1,"40":1,"41":4,"42":4,"43":4,"44":4,"45":1,"46":1,"47":1,"48":1,"49":1,"50":1,"51":3},"f":{"0":51,"1":122,"2":4,"3":73,"4":0,"5":68,"6":0,"7":13,"8":4,"9":1},"b":{"0":[0,0],"1":[13,0],"2":[0,1],"3":[5,5],"4":[1,0],"5":[1,0]}}
,"/home/anas/Desktop/my/typescripts/src/LFUCache.ts": {"path":"/home/anas/Desktop/my/typescripts/src/LFUCache.ts","statementMap":{"0":{"start":{"line":1,"column":0},"end":{"line":1,"column":50}},"1":{"start":{"line":2,"column":0},"end":{"line":2,"column":46}},"2":{"start":{"line":6,"column":12},"end":{"line":6,"column":89}},"3":{"start":{"line":7,"column":12},"end":{"line":7,"column":74}},"4":{"start":{"line":8,"column":12},"end":{"line":8,"column":37}},"5":{"start":{"line":9,"column":12},"end":{"line":9,"column":29}},"6":{"start":{"line":11,"column":8},"end":{"line":11,"column":33}},"7":{"start":{"line":14,"column":8},"end":{"line":14,"column":25}},"8":{"start":{"line":17,"column":8},"end":{"line":17,"column":29}},"9":{"start":{"line":20,"column":48},"end":{"line":20,"column":66}},"10":{"start":{"line":21,"column":8},"end":{"line":28,"column":9}},"11":{"start":{"line":22,"column":12},"end":{"line":22,"column":66}},"12":{"start":{"line":23,"column":12},"end":{"line":27,"column":13}},"13":{"start":{"line":24,"column":16},"end":{"line":26,"column":17}},"14":{"start":{"line":25,"column":20},"end":{"line":25,"column":40}},"15":{"start":{"line":29,"column":30},"end":{"line":29,"column":94}},"16":{"start":{"line":30,"column":8},"end":{"line":30,"column":38}},"17":{"start":{"line":31,"column":8},"end":{"line":31,"column":56}},"18":{"start":{"line":32,"column":8},"end":{"line":32,"column":45}},"19":{"start":{"line":35,"column":22},"end":{"line":35,"column":39}},"20":{"start":{"line":36,"column":8},"end":{"line":38,"column":9}},"21":{"start":{"line":37,"column":12},"end":{"line":37,"column":24}},"22":{"start":{"line":39,"column":34},"end":{"line":39,"column":39}},"23":{"start":{"line":40,"column":8},"end":{"line":40,"column":47}},"24":{"start":{"line":41,"column":8},"end":{"line":41,"column":31}},"25":{"start":{"line":44,"column":22},"end":{"line":44,"column":39}},"26":{"start":{"line":45,"column":8},"end":{"line":68,"column":9}},"27":{"start":{"line":46,"column":38},"end":{"line":46,"column":43}},"28":{"start":{"line":47,"column":12},"end":{"line":47,"column":51}},"29":{"start":{"line":48,"column":12},"end":{"line":48,"column":33}},"30":{"start":{"line":49,"column":12},"end":{"line":49,"column":35}},"31":{"start":{"line":51,"column":12},"end":{"line":62,"column":13}},"32":{"start":{"line":53,"column":36},"end":{"line":53,"column":76}},"33":{"start":{"line":54,"column":16},"end":{"line":61,"column":17}},"34":{"start":{"line":55,"column":46},"end":{"line":55,"column":67}},"35":{"start":{"line":56,"column":20},"end":{"line":60,"column":21}},"36":{"start":{"line":57,"column":24},"end":{"line":57,"column":66}},"37":{"start":{"line":58,"column":24},"end":{"line":58,"column":68}},"38":{"start":{"line":59,"column":24},"end":{"line":59,"column":36}},"39":{"start":{"line":63,"column":28},"end":{"line":63,"column":64}},"40":{"start":{"line":64,"column":12},"end":{"line":64,"column":61}},"41":{"start":{"line":65,"column":12},"end":{"line":65,"column":34}},"42":{"start":{"line":66,"column":12},"end":{"line":66,"column":41}},"43":{"start":{"line":67,"column":12},"end":{"line":67,"column":24}},"44":{"start":{"line":69,"column":8},"end":{"line":69,"column":20}},"45":{"start":{"line":4,"column":0},"end":{"line":4,"column":13}}},"fnMap":{"0":{"name":"(anonymous_1)","decl":{"start":{"line":10,"column":4},"end":{"line":10,"column":16}},"loc":{"start":{"line":10,"column":32},"end":{"line":12,"column":5}}},"1":{"name":"(anonymous_2)","decl":{"start":{"line":13,"column":11},"end":{"line":13,"column":18}},"loc":{"start":{"line":13,"column":18},"end":{"line":15,"column":5}}},"2":{"name":"(anonymous_3)","decl":{"start":{"line":16,"column":11},"end":{"line":16,"column":22}},"loc":{"start":{"line":16,"column":22},"end":{"line":18,"column":5}}},"3":{"name":"(anonymous_4)","decl":{"start":{"line":19,"column":12},"end":{"line":19,"column":27}},"loc":{"start":{"line":19,"column":53},"end":{"line":33,"column":5}}},"4":{"name":"(anonymous_5)","decl":{"start":{"line":34,"column":11},"end":{"line":34,"column":14}},"loc":{"start":{"line":34,"column":21},"end":{"line":42,"column":5}}},"5":{"name":"(anonymous_6)","decl":{"start":{"line":43,"column":11},"end":{"line":43,"column":14}},"loc":{"start":{"line":43,"column":31},"end":{"line":70,"column":5}}}},"branchMap":{"0":{"loc":{"start":{"line":21,"column":8},"end":{"line":28,"column":9}},"type":"if","locations":[{"start":{"line":21,"column":8},"end":{"line":28,"column":9}},{"start":{},"end":{}}]},"1":{"loc":{"start":{"line":23,"column":12},"end":{"line":27,"column":13}},"type":"if","locations":[{"start":{"line":23,"column":12},"end":{"line":27,"column":13}},{"start":{},"end":{}}]},"2":{"loc":{"start":{"line":24,"column":16},"end":{"line":26,"column":17}},"type":"if","locations":[{"start":{"line":24,"column":16},"end":{"line":26,"column":17}},{"start":{},"end":{}}]},"3":{"loc":{"start":{"line":29,"column":30},"end":{"line":29,"column":94}},"type":"binary-expr","locations":[{"start":{"line":29,"column":30},"end":{"line":29,"column":62}},{"start":{"line":29,"column":66},"end":{"line":29,"column":94}}]},"4":{"loc":{"start":{"line":36,"column":8},"end":{"line":38,"column":9}},"type":"if","locations":[{"start":{"line":36,"column":8},"end":{"line":38,"column":9}},{"start":{},"end":{}}]},"5":{"loc":{"start":{"line":45,"column":8},"end":{"line":68,"column":9}},"type":"if","locations":[{"start":{"line":45,"column":8},"end":{"line":68,"column":9}},{"start":{"line":50,"column":13},"end":{"line":68,"column":9}}]},"6":{"loc":{"start":{"line":51,"column":12},"end":{"line":62,"column":13}},"type":"if","locations":[{"start":{"line":51,"column":12},"end":{"line":62,"column":13}},{"start":{},"end":{}}]},"7":{"loc":{"start":{"line":54,"column":16},"end":{"line":61,"column":17}},"type":"if","locations":[{"start":{"line":54,"column":16},"end":{"line":61,"column":17}},{"start":{},"end":{}}]},"8":{"loc":{"start":{"line":56,"column":20},"end":{"line":60,"column":21}},"type":"if","locations":[{"start":{"line":56,"column":20},"end":{"line":60,"column":21}},{"start":{},"end":{}}]}},"s":{"0":1,"1":1,"2":19,"3":19,"4":19,"5":19,"6":19,"7":12,"8":1,"9":101,"10":101,"11":52,"12":52,"13":29,"14":18,"15":101,"16":101,"17":101,"18":101,"19":59,"20":59,"21":12,"22":47,"23":47,"24":47,"25":54,"26":54,"27":5,"28":5,"29":5,"30":5,"31":49,"32":11,"33":11,"34":11,"35":11,"36":11,"37":11,"38":11,"39":49,"40":49,"41":49,"42":49,"43":49,"44":49,"45":1},"f":{"0":19,"1":12,"2":1,"3":101,"4":59,"5":54},"b":{"0":[52,49],"1":[29,23],"2":[18,11],"3":[101,41],"4":[12,47],"5":[5,49],"6":[11,38],"7":[11,0],"8":[11,0]}}
,"/home/anas/Desktop/my/typescripts/src/LRUCache.ts": {"path":"/home/anas/Desktop/my/typescripts/src/LRUCache.ts","statementMap":{"0":{"start":{"line":1,"column":0},"end":{"line":1,"column":46}},"1":{"start":{"line":2,"column":0},"end":{"line":2,"column":50}},"2":{"start":{"line":5,"column":12},"end":{"line":5,"column":58}},"3":{"start":{"line":6,"column":12},"end":{"line":6,"column":84}},"4":{"start":{"line":9,"column":8},"end":{"line":9,"column":33}},"5":{"start":{"line":14,"column":8},"end":{"line":14,"column":47}},"6":{"start":{"line":17,"column":8},"end":{"line":17,"column":29}},"7":{"start":{"line":20,"column":21},"end":{"line":20,"column":38}},"8":{"start":{"line":21,"column":8},"end":{"line":25,"column":9}},"9":{"start":{"line":22,"column":12},"end":{"line":22,"column":51}},"10":{"start":{"line":23,"column":12},"end":{"line":23,"column":50}},"11":{"start":{"line":24,"column":12},"end":{"line":24,"column":35}},"12":{"start":{"line":26,"column":8},"end":{"line":26,"column":20}},"13":{"start":{"line":29,"column":21},"end":{"line":29,"column":38}},"14":{"start":{"line":30,"column":8},"end":{"line":52,"column":9}},"15":{"start":{"line":31,"column":12},"end":{"line":31,"column":51}},"16":{"start":{"line":32,"column":12},"end":{"line":32,"column":50}},"17":{"start":{"line":33,"column":12},"end":{"line":33,"column":33}},"18":{"start":{"line":34,"column":12},"end":{"line":34,"column":24}},"19":{"start":{"line":36,"column":12},"end":{"line":49,"column":13}},"20":{"start":{"line":37,"column":40},"end":{"line":37,"column":71}},"21":{"start":{"line":38,"column":16},"end":{"line":41,"column":17}},"22":{"start":{"line":39,"column":20},"end":{"line":39,"column":70}},"23":{"start":{"line":40,"column":20},"end":{"line":40,"column":62}},"24":{"start":{"line":42,"column":32},"end":{"line":42,"column":68}},"25":{"start":{"line":43,"column":16},"end":{"line":43,"column":43}},"26":{"start":{"line":44,"column":16},"end":{"line":44,"column":57}},"27":{"start":{"line":46,"column":32},"end":{"line":46,"column":68}},"28":{"start":{"line":47,"column":16},"end":{"line":47,"column":43}},"29":{"start":{"line":48,"column":16},"end":{"line":48,"column":57}},"30":{"start":{"line":50,"column":12},"end":{"line":50,"column":24}},"31":{"start":{"line":57,"column":8},"end":{"line":57,"column":234}},"32":{"start":{"line":57,"column":135},"end":{"line":57,"column":164}},"33":{"start":{"line":62,"column":0},"end":{"line":62,"column":24}}},"fnMap":{"0":{"name":"(anonymous_1)","decl":{"start":{"line":8,"column":4},"end":{"line":8,"column":16}},"loc":{"start":{"line":8,"column":32},"end":{"line":11,"column":5}}},"1":{"name":"(anonymous_2)","decl":{"start":{"line":13,"column":11},"end":{"line":13,"column":18}},"loc":{"start":{"line":13,"column":18},"end":{"line":15,"column":5}}},"2":{"name":"(anonymous_3)","decl":{"start":{"line":16,"column":11},"end":{"line":16,"column":22}},"loc":{"start":{"line":16,"column":22},"end":{"line":18,"column":5}}},"3":{"name":"(anonymous_4)","decl":{"start":{"line":19,"column":11},"end":{"line":19,"column":14}},"loc":{"start":{"line":19,"column":21},"end":{"line":27,"column":5}}},"4":{"name":"(anonymous_5)","decl":{"start":{"line":28,"column":11},"end":{"line":28,"column":14}},"loc":{"start":{"line":28,"column":31},"end":{"line":55,"column":5}}},"5":{"name":"(anonymous_6)","decl":{"start":{"line":56,"column":11},"end":{"line":56,"column":19}},"loc":{"start":{"line":56,"column":19},"end":{"line":58,"column":5}}},"6":{"name":"(anonymous_7)","decl":{"start":{"line":57,"column":117},"end":{"line":57,"column":118}},"loc":{"start":{"line":57,"column":135},"end":{"line":57,"column":164}}}},"branchMap":{"0":{"loc":{"start":{"line":21,"column":8},"end":{"line":25,"column":9}},"type":"if","locations":[{"start":{"line":21,"column":8},"end":{"line":25,"column":9}},{"start":{},"end":{}}]},"1":{"loc":{"start":{"line":30,"column":8},"end":{"line":52,"column":9}},"type":"if","locations":[{"start":{"line":30,"column":8},"end":{"line":52,"column":9}},{"start":{"line":35,"column":13},"end":{"line":52,"column":9}}]},"2":{"loc":{"start":{"line":36,"column":12},"end":{"line":49,"column":13}},"type":"if","locations":[{"start":{"line":36,"column":12},"end":{"line":49,"column":13}},{"start":{"line":45,"column":17},"end":{"line":49,"column":13}}]},"3":{"loc":{"start":{"line":38,"column":16},"end":{"line":41,"column":17}},"type":"if","locations":[{"start":{"line":38,"column":16},"end":{"line":41,"column":17}},{"start":{},"end":{}}]}},"s":{"0":1,"1":1,"2":6,"3":6,"4":6,"5":5,"6":1,"7":10,"8":10,"9":7,"10":7,"11":7,"12":3,"13":9,"14":9,"15":1,"16":1,"17":1,"18":1,"19":8,"20":2,"21":2,"22":2,"23":2,"24":2,"25":2,"26":2,"27":6,"28":6,"29":6,"30":8,"31":0,"32":0,"33":1},"f":{"0":6,"1":5,"2":1,"3":10,"4":9,"5":0,"6":0},"b":{"0":[7,3],"1":[1,8],"2":[2,6],"3":[2,0]}}
,"/home/anas/Desktop/my/typescripts/src/index.ts": {"path":"/home/anas/Desktop/my/typescripts/src/index.ts","statementMap":{"0":{"start":{"line":1,"column":0},"end":{"line":1,"column":34}},"1":{"start":{"line":2,"column":17},"end":{"line":2,"column":48}},"2":{"start":{"line":4,"column":0},"end":{"line":4,"column":21}},"3":{"start":{"line":5,"column":0},"end":{"line":5,"column":21}},"4":{"start":{"line":6,"column":0},"end":{"line":6,"column":31}},"5":{"start":{"line":7,"column":0},"end":{"line":7,"column":21}},"6":{"start":{"line":8,"column":0},"end":{"line":8,"column":31}},"7":{"start":{"line":9,"column":0},"end":{"line":9,"column":21}},"8":{"start":{"line":10,"column":0},"end":{"line":10,"column":31}},"9":{"start":{"line":11,"column":0},"end":{"line":11,"column":31}},"10":{"start":{"line":12,"column":0},"end":{"line":12,"column":31}},"11":{"start":{"line":13,"column":0},"end":{"line":13,"column":33}}},"fnMap":{},"branchMap":{},"s":{"0":0,"1":0,"2":0,"3":0,"4":0,"5":0,"6":0,"7":0,"8":0,"9":0,"10":0,"11":0},"f":{},"b":{}}
,"/home/anas/Desktop/my/typescripts/src/LinkedList/LinkedList.ts": {"path":"/home/anas/Desktop/my/typescripts/src/LinkedList/LinkedList.ts","statementMap":{"0":{"start":{"line":1,"column":0},"end":{"line":1,"column":46}},"1":{"start":{"line":4,"column":12},"end":{"line":4,"column":82}},"2":{"start":{"line":5,"column":12},"end":{"line":5,"column":29}},"3":{"start":{"line":7,"column":8},"end":{"line":9,"column":11}},"4":{"start":{"line":8,"column":12},"end":{"line":8,"column":34}},"5":{"start":{"line":13,"column":8},"end":{"line":13,"column":25}},"6":{"start":{"line":16,"column":24},"end":{"line":16,"column":52}},"7":{"start":{"line":17,"column":8},"end":{"line":17,"column":46}},"8":{"start":{"line":18,"column":8},"end":{"line":18,"column":35}},"9":{"start":{"line":19,"column":8},"end":{"line":19,"column":20}},"10":{"start":{"line":22,"column":26},"end":{"line":22,"column":44}},"11":{"start":{"line":23,"column":8},"end":{"line":25,"column":9}},"12":{"start":{"line":24,"column":12},"end":{"line":24,"column":49}},"13":{"start":{"line":26,"column":8},"end":{"line":26,"column":58}},"14":{"start":{"line":27,"column":8},"end":{"line":27,"column":20}},"15":{"start":{"line":30,"column":26},"end":{"line":30,"column":44}},"16":{"start":{"line":31,"column":8},"end":{"line":33,"column":9}},"17":{"start":{"line":32,"column":12},"end":{"line":32,"column":49}},"18":{"start":{"line":34,"column":8},"end":{"line":34,"column":34}},"19":{"start":{"line":35,"column":8},"end":{"line":35,"column":20}},"20":{"start":{"line":38,"column":8},"end":{"line":38,"column":36}},"21":{"start":{"line":41,"column":19},"end":{"line":41,"column":37}},"22":{"start":{"line":42,"column":19},"end":{"line":42,"column":56}},"23":{"start":{"line":43,"column":8},"end":{"line":46,"column":9}},"24":{"start":{"line":44,"column":12},"end":{"line":44,"column":36}},"25":{"start":{"line":45,"column":12},"end":{"line":45,"column":46}},"26":{"start":{"line":47,"column":8},"end":{"line":47,"column":21}},"27":{"start":{"line":50,"column":26},"end":{"line":50,"column":35}},"28":{"start":{"line":51,"column":8},"end":{"line":58,"column":9}},"29":{"start":{"line":52,"column":12},"end":{"line":56,"column":13}},"30":{"start":{"line":53,"column":16},"end":{"line":53,"column":70}},"31":{"start":{"line":54,"column":16},"end":{"line":54,"column":28}},"32":{"start":{"line":55,"column":16},"end":{"line":55,"column":23}},"33":{"start":{"line":57,"column":12},"end":{"line":57,"column":49}},"34":{"start":{"line":59,"column":8},"end":{"line":59,"column":42}},"35":{"start":{"line":64,"column":0},"end":{"line":64,"column":26}}},"fnMap":{"0":{"name":"(anonymous_1)","decl":{"start":{"line":6,"column":4},"end":{"line":6,"column":16}},"loc":{"start":{"line":6,"column":27},"end":{"line":11,"column":5}}},"1":{"name":"(anonymous_2)","decl":{"start":{"line":7,"column":33},"end":{"line":7,"column":38}},"loc":{"start":{"line":7,"column":41},"end":{"line":9,"column":9}}},"2":{"name":"(anonymous_3)","decl":{"start":{"line":12,"column":11},"end":{"line":12,"column":18}},"loc":{"start":{"line":12,"column":18},"end":{"line":14,"column":5}}},"3":{"name":"(anonymous_4)","decl":{"start":{"line":15,"column":11},"end":{"line":15,"column":20}},"loc":{"start":{"line":15,"column":29},"end":{"line":20,"column":5}}},"4":{"name":"(anonymous_5)","decl":{"start":{"line":21,"column":11},"end":{"line":21,"column":20}},"loc":{"start":{"line":21,"column":29},"end":{"line":28,"column":5}}},"5":{"name":"(anonymous_6)","decl":{"start":{"line":29,"column":11},"end":{"line":29,"column":29}},"loc":{"start":{"line":29,"column":53},"end":{"line":36,"column":5}}},"6":{"name":"(anonymous_7)","decl":{"start":{"line":37,"column":11},"end":{"line":37,"column":22}},"loc":{"start":{"line":37,"column":22},"end":{"line":39,"column":5}}},"7":{"name":"(anonymous_8)","decl":{"start":{"line":40,"column":11},"end":{"line":40,"column":24}},"loc":{"start":{"line":40,"column":24},"end":{"line":48,"column":5}}},"8":{"name":"(anonymous_9)","decl":{"start":{"line":49,"column":11},"end":{"line":49,"column":21}},"loc":{"start":{"line":49,"column":45},"end":{"line":60,"column":5}}}},"branchMap":{"0":{"loc":{"start":{"line":42,"column":19},"end":{"line":42,"column":56}},"type":"binary-expr","locations":[{"start":{"line":42,"column":19},"end":{"line":42,"column":48}},{"start":{"line":42,"column":52},"end":{"line":42,"column":56}}]},"1":{"loc":{"start":{"line":43,"column":14},"end":{"line":43,"column":54}},"type":"binary-expr","locations":[{"start":{"line":43,"column":14},"end":{"line":43,"column":27}},{"start":{"line":43,"column":31},"end":{"line":43,"column":54}}]},"2":{"loc":{"start":{"line":52,"column":12},"end":{"line":56,"column":13}},"type":"if","locations":[{"start":{"line":52,"column":12},"end":{"line":56,"column":13}},{"start":{},"end":{}}]}},"s":{"0":3,"1":36,"2":36,"3":36,"4":39,"5":152,"6":103,"7":103,"8":103,"9":103,"10":4,"11":4,"12":19,"13":4,"14":4,"15":0,"16":0,"17":0,"18":0,"19":0,"20":100,"21":6,"22":6,"23":6,"24":6,"25":6,"26":6,"27":34,"28":34,"29":34,"30":34,"31":34,"32":34,"33":0,"34":0,"35":3},"f":{"0":36,"1":39,"2":152,"3":103,"4":4,"5":0,"6":100,"7":6,"8":34},"b":{"0":[6,2],"1":[12,9],"2":[34,0]}}
,"/home/anas/Desktop/my/typescripts/src/LinkedList/LinkedListNode.ts": {"path":"/home/anas/Desktop/my/typescripts/src/LinkedList/LinkedListNode.ts","statementMap":{"0":{"start":{"line":3,"column":12},"end":{"line":3,"column":50}},"1":{"start":{"line":5,"column":8},"end":{"line":5,"column":27}},"2":{"start":{"line":6,"column":8},"end":{"line":6,"column":25}},"3":{"start":{"line":9,"column":8},"end":{"line":9,"column":26}},"4":{"start":{"line":12,"column":8},"end":{"line":12,"column":25}},"5":{"start":{"line":15,"column":8},"end":{"line":15,"column":25}},"6":{"start":{"line":18,"column":8},"end":{"line":18,"column":53}},"7":{"start":{"line":22,"column":0},"end":{"line":22,"column":30}}},"fnMap":{"0":{"name":"(anonymous_0)","decl":{"start":{"line":4,"column":4},"end":{"line":4,"column":16}},"loc":{"start":{"line":4,"column":24},"end":{"line":7,"column":5}}},"1":{"name":"(anonymous_1)","decl":{"start":{"line":8,"column":11},"end":{"line":8,"column":19}},"loc":{"start":{"line":8,"column":19},"end":{"line":10,"column":5}}},"2":{"name":"(anonymous_2)","decl":{"start":{"line":11,"column":11},"end":{"line":11,"column":18}},"loc":{"start":{"line":11,"column":18},"end":{"line":13,"column":5}}},"3":{"name":"(anonymous_3)","decl":{"start":{"line":14,"column":11},"end":{"line":14,"column":18}},"loc":{"start":{"line":14,"column":49},"end":{"line":16,"column":5}}},"4":{"name":"(anonymous_4)","decl":{"start":{"line":17,"column":11},"end":{"line":17,"column":19}},"loc":{"start":{"line":17,"column":19},"end":{"line":19,"column":5}}}},"branchMap":{},"s":{"0":143,"1":143,"2":143,"3":55,"4":451,"5":244,"6":0,"7":3},"f":{"0":143,"1":55,"2":451,"3":244,"4":0},"b":{}}
,"/home/anas/Desktop/my/typescripts/src/Stack/Stack.ts": {"path":"/home/anas/Desktop/my/typescripts/src/Stack/Stack.ts","statementMap":{"0":{"start":{"line":1,"column":0},"end":{"line":1,"column":50}},"1":{"start":{"line":7,"column":8},"end":{"line":7,"column":43}},"2":{"start":{"line":8,"column":8},"end":{"line":8,"column":42}},"3":{"start":{"line":11,"column":8},"end":{"line":11,"column":35}},"4":{"start":{"line":14,"column":8},"end":{"line":14,"column":29}},"5":{"start":{"line":17,"column":8},"end":{"line":19,"column":9}},"6":{"start":{"line":18,"column":12},"end":{"line":18,"column":45}},"7":{"start":{"line":20,"column":8},"end":{"line":20,"column":35}},"8":{"start":{"line":23,"column":8},"end":{"line":25,"column":9}},"9":{"start":{"line":24,"column":12},"end":{"line":24,"column":46}},"10":{"start":{"line":26,"column":22},"end":{"line":26,"column":56}},"11":{"start":{"line":27,"column":8},"end":{"line":27,"column":54}},"12":{"start":{"line":28,"column":8},"end":{"line":28,"column":21}},"13":{"start":{"line":31,"column":26},"end":{"line":31,"column":49}},"14":{"start":{"line":32,"column":8},"end":{"line":34,"column":9}},"15":{"start":{"line":32,"column":20},"end":{"line":32,"column":21}},"16":{"start":{"line":33,"column":12},"end":{"line":33,"column":49}},"17":{"start":{"line":35,"column":8},"end":{"line":35,"column":38}},"18":{"start":{"line":38,"column":8},"end":{"line":38,"column":36}},"19":{"start":{"line":41,"column":8},"end":{"line":41,"column":48}},"20":{"start":{"line":44,"column":8},"end":{"line":44,"column":28}},"21":{"start":{"line":47,"column":8},"end":{"line":47,"column":45}},"22":{"start":{"line":52,"column":0},"end":{"line":52,"column":21}}},"fnMap":{"0":{"name":"(anonymous_1)","decl":{"start":{"line":6,"column":4},"end":{"line":6,"column":16}},"loc":{"start":{"line":6,"column":33},"end":{"line":9,"column":5}}},"1":{"name":"(anonymous_2)","decl":{"start":{"line":10,"column":11},"end":{"line":10,"column":18}},"loc":{"start":{"line":10,"column":18},"end":{"line":12,"column":5}}},"2":{"name":"(anonymous_3)","decl":{"start":{"line":13,"column":11},"end":{"line":13,"column":22}},"loc":{"start":{"line":13,"column":22},"end":{"line":15,"column":5}}},"3":{"name":"(anonymous_4)","decl":{"start":{"line":16,"column":11},"end":{"line":16,"column":15}},"loc":{"start":{"line":16,"column":24},"end":{"line":21,"column":5}}},"4":{"name":"(anonymous_5)","decl":{"start":{"line":22,"column":11},"end":{"line":22,"column":14}},"loc":{"start":{"line":22,"column":14},"end":{"line":29,"column":5}}},"5":{"name":"(anonymous_6)","decl":{"start":{"line":30,"column":11},"end":{"line":30,"column":15}},"loc":{"start":{"line":30,"column":33},"end":{"line":36,"column":5}}},"6":{"name":"(anonymous_7)","decl":{"start":{"line":37,"column":11},"end":{"line":37,"column":18}},"loc":{"start":{"line":37,"column":18},"end":{"line":39,"column":5}}},"7":{"name":"(anonymous_8)","decl":{"start":{"line":40,"column":11},"end":{"line":40,"column":17}},"loc":{"start":{"line":40,"column":17},"end":{"line":42,"column":5}}},"8":{"name":"(anonymous_9)","decl":{"start":{"line":43,"column":11},"end":{"line":43,"column":19}},"loc":{"start":{"line":43,"column":19},"end":{"line":45,"column":5}}},"9":{"name":"(anonymous_10)","decl":{"start":{"line":46,"column":11},"end":{"line":46,"column":22}},"loc":{"start":{"line":46,"column":22},"end":{"line":48,"column":5}}}},"branchMap":{"0":{"loc":{"start":{"line":7,"column":24},"end":{"line":7,"column":42}},"type":"binary-expr","locations":[{"start":{"line":7,"column":24},"end":{"line":7,"column":32}},{"start":{"line":7,"column":34},"end":{"line":7,"column":42}}]},"1":{"loc":{"start":{"line":17,"column":8},"end":{"line":19,"column":9}},"type":"if","locations":[{"start":{"line":17,"column":8},"end":{"line":19,"column":9}},{"start":{},"end":{}}]},"2":{"loc":{"start":{"line":23,"column":8},"end":{"line":25,"column":9}},"type":"if","locations":[{"start":{"line":23,"column":8},"end":{"line":25,"column":9}},{"start":{},"end":{}}]},"3":{"loc":{"start":{"line":30,"column":16},"end":{"line":30,"column":33}},"type":"default-arg","locations":[{"start":{"line":30,"column":32},"end":{"line":30,"column":33}}]}},"s":{"0":2,"1":26,"2":26,"3":152,"4":0,"5":63,"6":1,"7":62,"8":35,"9":1,"10":34,"11":34,"12":34,"13":5,"14":5,"15":5,"16":10,"17":5,"18":47,"19":2,"20":1,"21":1,"22":2},"f":{"0":26,"1":152,"2":0,"3":63,"4":35,"5":5,"6":47,"7":2,"8":1,"9":1},"b":{"0":[26,24],"1":[1,62],"2":[1,34],"3":[0]}}
,"/home/anas/Desktop/my/typescripts/src/Stack/problems/paranthesisMatching.ts": {"path":"/home/anas/Desktop/my/typescripts/src/Stack/problems/paranthesisMatching.ts","statementMap":{"0":{"start":{"line":1,"column":0},"end":{"line":1,"column":29}},"1":{"start":{"line":8,"column":35},"end":{"line":24,"column":1}},"2":{"start":{"line":9,"column":18},"end":{"line":9,"column":37}},"3":{"start":{"line":10,"column":4},"end":{"line":22,"column":5}},"4":{"start":{"line":10,"column":14},"end":{"line":10,"column":15}},"5":{"start":{"line":11,"column":21},"end":{"line":11,"column":34}},"6":{"start":{"line":12,"column":8},"end":{"line":21,"column":9}},"7":{"start":{"line":13,"column":12},"end":{"line":13,"column":29}},"8":{"start":{"line":14,"column":14},"end":{"line":21,"column":9}},"9":{"start":{"line":15,"column":12},"end":{"line":17,"column":13}},"10":{"start":{"line":16,"column":16},"end":{"line":16,"column":29}},"11":{"start":{"line":18,"column":12},"end":{"line":18,"column":24}},"12":{"start":{"line":20,"column":12},"end":{"line":20,"column":58}},"13":{"start":{"line":23,"column":4},"end":{"line":23,"column":27}},"14":{"start":{"line":8,"column":13},"end":{"line":8,"column":35}},"15":{"start":{"line":26,"column":43},"end":{"line":45,"column":1}},"16":{"start":{"line":27,"column":18},"end":{"line":27,"column":37}},"17":{"start":{"line":28,"column":4},"end":{"line":43,"column":5}},"18":{"start":{"line":28,"column":14},"end":{"line":28,"column":15}},"19":{"start":{"line":29,"column":21},"end":{"line":29,"column":34}},"20":{"start":{"line":30,"column":8},"end":{"line":42,"column":9}},"21":{"start":{"line":31,"column":12},"end":{"line":31,"column":29}},"22":{"start":{"line":32,"column":14},"end":{"line":42,"column":9}},"23":{"start":{"line":33,"column":12},"end":{"line":35,"column":13}},"24":{"start":{"line":34,"column":16},"end":{"line":34,"column":29}},"25":{"start":{"line":36,"column":31},"end":{"line":36,"column":42}},"26":{"start":{"line":37,"column":25},"end":{"line":37,"column":68}},"27":{"start":{"line":39,"column":12},"end":{"line":41,"column":13}},"28":{"start":{"line":40,"column":16},"end":{"line":40,"column":29}},"29":{"start":{"line":44,"column":4},"end":{"line":44,"column":27}},"30":{"start":{"line":26,"column":13},"end":{"line":26,"column":43}}},"fnMap":{"0":{"name":"(anonymous_1)","decl":{"start":{"line":8,"column":35},"end":{"line":8,"column":36}},"loc":{"start":{"line":8,"column":58},"end":{"line":24,"column":1}}},"1":{"name":"(anonymous_2)","decl":{"start":{"line":26,"column":43},"end":{"line":26,"column":44}},"loc":{"start":{"line":26,"column":66},"end":{"line":45,"column":1}}}},"branchMap":{"0":{"loc":{"start":{"line":12,"column":8},"end":{"line":21,"column":9}},"type":"if","locations":[{"start":{"line":12,"column":8},"end":{"line":21,"column":9}},{"start":{"line":14,"column":14},"end":{"line":21,"column":9}}]},"1":{"loc":{"start":{"line":14,"column":14},"end":{"line":21,"column":9}},"type":"if","locations":[{"start":{"line":14,"column":14},"end":{"line":21,"column":9}},{"start":{"line":19,"column":13},"end":{"line":21,"column":9}}]},"2":{"loc":{"start":{"line":15,"column":12},"end":{"line":17,"column":13}},"type":"if","locations":[{"start":{"line":15,"column":12},"end":{"line":17,"column":13}},{"start":{},"end":{}}]},"3":{"loc":{"start":{"line":30,"column":8},"end":{"line":42,"column":9}},"type":"if","locations":[{"start":{"line":30,"column":8},"end":{"line":42,"column":9}},{"start":{"line":32,"column":14},"end":{"line":42,"column":9}}]},"4":{"loc":{"start":{"line":30,"column":11},"end":{"line":30,"column":52}},"type":"binary-expr","locations":[{"start":{"line":30,"column":11},"end":{"line":30,"column":22}},{"start":{"line":30,"column":26},"end":{"line":30,"column":36}},{"start":{"line":30,"column":40},"end":{"line":30,"column":52}}]},"5":{"loc":{"start":{"line":32,"column":14},"end":{"line":42,"column":9}},"type":"if","locations":[{"start":{"line":32,"column":14},"end":{"line":42,"column":9}},{"start":{},"end":{}}]},"6":{"loc":{"start":{"line":32,"column":17},"end":{"line":32,"column":57}},"type":"binary-expr","locations":[{"start":{"line":32,"column":17},"end":{"line":32,"column":28}},{"start":{"line":32,"column":32},"end":{"line":32,"column":42}},{"start":{"line":32,"column":46},"end":{"line":32,"column":57}}]},"7":{"loc":{"start":{"line":33,"column":12},"end":{"line":35,"column":13}},"type":"if","locations":[{"start":{"line":33,"column":12},"end":{"line":35,"column":13}},{"start":{},"end":{}}]},"8":{"loc":{"start":{"line":39,"column":12},"end":{"line":41,"column":13}},"type":"if","locations":[{"start":{"line":39,"column":12},"end":{"line":41,"column":13}},{"start":{},"end":{}}]},"9":{"loc":{"start":{"line":39,"column":18},"end":{"line":39,"column":38}},"type":"binary-expr","locations":[{"start":{"line":39,"column":18},"end":{"line":39,"column":27}},{"start":{"line":39,"column":31},"end":{"line":39,"column":38}}]}},"s":{"0":1,"1":1,"2":13,"3":13,"4":13,"5":53,"6":53,"7":27,"8":26,"9":25,"10":1,"11":24,"12":1,"13":11,"14":1,"15":1,"16":3,"17":3,"18":3,"19":43,"20":43,"21":9,"22":34,"23":8,"24":0,"25":8,"26":8,"27":8,"28":1,"29":2,"30":1},"f":{"0":13,"1":3},"b":{"0":[27,26],"1":[25,1],"2":[1,24],"3":[9,34],"4":[43,38,36],"5":[8,26],"6":[34,30,28],"7":[0,8],"8":[1,7],"9":[8,7]}}
}
