TN:
SF:src/DoublyLinkNode.ts
FN:7,(anonymous_0)
FN:13,(anonymous_1)
FN:16,(anonymous_2)
FN:19,(anonymous_3)
FN:22,(anonymous_4)
FN:25,(anonymous_5)
FN:28,(anonymous_6)
FN:31,(anonymous_7)
FN:34,(anonymous_8)
FNF:9
FNH:9
FNDA:180,(anonymous_0)
FNDA:15,(anonymous_1)
FNDA:62,(anonymous_2)
FNDA:7,(anonymous_3)
FNDA:288,(anonymous_4)
FNDA:170,(anonymous_5)
FNDA:384,(anonymous_6)
FNDA:384,(anonymous_7)
FNDA:9,(anonymous_8)
DA:4,180
DA:5,180
DA:8,180
DA:9,180
DA:10,180
DA:11,180
DA:14,15
DA:17,62
DA:20,7
DA:23,288
DA:26,170
DA:29,384
DA:32,384
DA:35,9
DA:39,4
LF:15
LH:15
BRF:0
BRH:0
end_of_record
TN:
SF:src/DoublyLinkedList.ts
FN:7,(anonymous_1)
FN:14,(anonymous_2)
FN:22,(anonymous_3)
FN:30,(anonymous_4)
FN:35,(anonymous_5)
FN:38,(anonymous_6)
FN:41,(anonymous_7)
FN:45,(anonymous_8)
FN:49,(anonymous_9)
FN:60,(anonymous_10)
FNF:10
FNH:8
FNDA:51,(anonymous_1)
FNDA:122,(anonymous_2)
FNDA:4,(anonymous_3)
FNDA:73,(anonymous_4)
FNDA:0,(anonymous_5)
FNDA:68,(anonymous_6)
FNDA:0,(anonymous_7)
FNDA:13,(anonymous_8)
FNDA:4,(anonymous_9)
FNDA:1,(anonymous_10)
DA:1,3
DA:4,51
DA:5,51
DA:6,51
DA:8,51
DA:9,51
DA:10,51
DA:11,51
DA:12,51
DA:15,122
DA:16,122
DA:17,122
DA:18,122
DA:19,122
DA:20,122
DA:23,4
DA:24,4
DA:25,4
DA:26,4
DA:27,4
DA:28,4
DA:31,73
DA:32,73
DA:33,73
DA:36,0
DA:39,68
DA:42,0
DA:46,13
DA:50,4
DA:51,4
DA:52,4
DA:53,9
DA:54,9
DA:56,4
DA:57,4
DA:61,1
DA:62,0
DA:66,1
DA:67,1
DA:70,1
DA:71,1
DA:72,4
DA:73,4
DA:74,4
DA:75,4
DA:80,1
DA:81,1
DA:82,1
DA:86,1
DA:87,1
DA:88,1
DA:94,3
LF:52
LH:49
BRDA:42,0,0,0
BRDA:42,0,1,0
BRDA:46,1,0,13
BRDA:46,1,1,0
BRDA:61,2,0,0
BRDA:61,2,1,1
BRDA:71,3,0,5
BRDA:71,3,1,5
BRDA:81,4,0,1
BRDA:81,4,1,0
BRDA:87,5,0,1
BRDA:87,5,1,0
BRF:12
BRH:6
end_of_record
TN:
SF:src/LFUCache.ts
FN:10,(anonymous_1)
FN:13,(anonymous_2)
FN:16,(anonymous_3)
FN:19,(anonymous_4)
FN:34,(anonymous_5)
FN:43,(anonymous_6)
FNF:6
FNH:6
FNDA:19,(anonymous_1)
FNDA:12,(anonymous_2)
FNDA:1,(anonymous_3)
FNDA:101,(anonymous_4)
FNDA:59,(anonymous_5)
FNDA:54,(anonymous_6)
DA:1,1
DA:2,1
DA:4,1
DA:6,19
DA:7,19
DA:8,19
DA:9,19
DA:11,19
DA:14,12
DA:17,1
DA:20,101
DA:21,101
DA:22,52
DA:23,52
DA:24,29
DA:25,18
DA:29,101
DA:30,101
DA:31,101
DA:32,101
DA:35,59
DA:36,59
DA:37,12
DA:39,47
DA:40,47
DA:41,47
DA:44,54
DA:45,54
DA:46,5
DA:47,5
DA:48,5
DA:49,5
DA:51,49
DA:53,11
DA:54,11
DA:55,11
DA:56,11
DA:57,11
DA:58,11
DA:59,11
DA:63,49
DA:64,49
DA:65,49
DA:66,49
DA:67,49
DA:69,49
LF:46
LH:46
BRDA:21,0,0,52
BRDA:21,0,1,49
BRDA:23,1,0,29
BRDA:23,1,1,23
BRDA:24,2,0,18
BRDA:24,2,1,11
BRDA:29,3,0,101
BRDA:29,3,1,41
BRDA:36,4,0,12
BRDA:36,4,1,47
BRDA:45,5,0,5
BRDA:45,5,1,49
BRDA:51,6,0,11
BRDA:51,6,1,38
BRDA:54,7,0,11
BRDA:54,7,1,0
BRDA:56,8,0,11
BRDA:56,8,1,0
BRF:18
BRH:16
end_of_record
TN:
SF:src/LRUCache.ts
FN:8,(anonymous_1)
FN:13,(anonymous_2)
FN:16,(anonymous_3)
FN:19,(anonymous_4)
FN:28,(anonymous_5)
FN:56,(anonymous_6)
FN:57,(anonymous_7)
FNF:7
FNH:5
FNDA:6,(anonymous_1)
FNDA:5,(anonymous_2)
FNDA:1,(anonymous_3)
FNDA:10,(anonymous_4)
FNDA:9,(anonymous_5)
FNDA:0,(anonymous_6)
FNDA:0,(anonymous_7)
DA:1,1
DA:2,1
DA:5,6
DA:6,6
DA:9,6
DA:14,5
DA:17,1
DA:20,10
DA:21,10
DA:22,7
DA:23,7
DA:24,7
DA:26,3
DA:29,9
DA:30,9
DA:31,1
DA:32,1
DA:33,1
DA:34,1
DA:36,8
DA:37,2
DA:38,2
DA:39,2
DA:40,2
DA:42,2
DA:43,2
DA:44,2
DA:46,6
DA:47,6
DA:48,6
DA:50,8
DA:57,0
DA:62,1
LF:33
LH:32
BRDA:21,0,0,7
BRDA:21,0,1,3
BRDA:30,1,0,1
BRDA:30,1,1,8
BRDA:36,2,0,2
BRDA:36,2,1,6
BRDA:38,3,0,2
BRDA:38,3,1,0
BRF:8
BRH:7
end_of_record
TN:
SF:src/index.ts
FNF:0
FNH:0
DA:1,0
DA:2,0
DA:4,0
DA:5,0
DA:6,0
DA:7,0
DA:8,0
DA:9,0
DA:10,0
DA:11,0
DA:12,0
DA:13,0
LF:12
LH:0
BRF:0
BRH:0
end_of_record
TN:
SF:src/LinkedList/LinkedList.ts
FN:6,(anonymous_1)
FN:7,(anonymous_2)
FN:12,(anonymous_3)
FN:15,(anonymous_4)
FN:21,(anonymous_5)
FN:29,(anonymous_6)
FN:37,(anonymous_7)
FN:40,(anonymous_8)
FN:49,(anonymous_9)
FNF:9
FNH:8
FNDA:36,(anonymous_1)
FNDA:39,(anonymous_2)
FNDA:152,(anonymous_3)
FNDA:103,(anonymous_4)
FNDA:4,(anonymous_5)
FNDA:0,(anonymous_6)
FNDA:100,(anonymous_7)
FNDA:6,(anonymous_8)
FNDA:34,(anonymous_9)
DA:1,3
DA:4,36
DA:5,36
DA:7,36
DA:8,39
DA:13,152
DA:16,103
DA:17,103
DA:18,103
DA:19,103
DA:22,4
DA:23,4
DA:24,19
DA:26,4
DA:27,4
DA:30,0
DA:31,0
DA:32,0
DA:34,0
DA:35,0
DA:38,100
DA:41,6
DA:42,6
DA:43,6
DA:44,6
DA:45,6
DA:47,6
DA:50,34
DA:51,34
DA:52,34
DA:53,34
DA:54,34
DA:55,34
DA:57,0
DA:59,0
DA:64,3
LF:36
LH:29
BRDA:42,0,0,6
BRDA:42,0,1,2
BRDA:43,1,0,12
BRDA:43,1,1,9
BRDA:52,2,0,34
BRDA:52,2,1,0
BRF:6
BRH:5
end_of_record
TN:
SF:src/LinkedList/LinkedListNode.ts
FN:4,(anonymous_0)
FN:8,(anonymous_1)
FN:11,(anonymous_2)
FN:14,(anonymous_3)
FN:17,(anonymous_4)
FNF:5
FNH:4
FNDA:143,(anonymous_0)
FNDA:55,(anonymous_1)
FNDA:451,(anonymous_2)
FNDA:244,(anonymous_3)
FNDA:0,(anonymous_4)
DA:3,143
DA:5,143
DA:6,143
DA:9,55
DA:12,451
DA:15,244
DA:18,0
DA:22,3
LF:8
LH:7
BRF:0
BRH:0
end_of_record
TN:
SF:src/Stack/Stack.ts
FN:6,(anonymous_1)
FN:10,(anonymous_2)
FN:13,(anonymous_3)
FN:16,(anonymous_4)
FN:22,(anonymous_5)
FN:30,(anonymous_6)
FN:37,(anonymous_7)
FN:40,(anonymous_8)
FN:43,(anonymous_9)
FN:46,(anonymous_10)
FNF:10
FNH:9
FNDA:26,(anonymous_1)
FNDA:152,(anonymous_2)
FNDA:0,(anonymous_3)
FNDA:63,(anonymous_4)
FNDA:35,(anonymous_5)
FNDA:5,(anonymous_6)
FNDA:47,(anonymous_7)
FNDA:2,(anonymous_8)
FNDA:1,(anonymous_9)
FNDA:1,(anonymous_10)
DA:1,2
DA:7,26
DA:8,26
DA:11,152
DA:14,0
DA:17,63
DA:18,1
DA:20,62
DA:23,35
DA:24,1
DA:26,34
DA:27,34
DA:28,34
DA:31,5
DA:32,5
DA:33,10
DA:35,5
DA:38,47
DA:41,2
DA:44,1
DA:47,1
DA:52,2
LF:22
LH:21
BRDA:7,0,0,26
BRDA:7,0,1,24
BRDA:17,1,0,1
BRDA:17,1,1,62
BRDA:23,2,0,1
BRDA:23,2,1,34
BRDA:30,3,0,0
BRF:7
BRH:6
end_of_record
TN:
SF:src/Stack/problems/paranthesisMatching.ts
FN:8,(anonymous_1)
FN:26,(anonymous_2)
FNF:2
FNH:2
FNDA:13,(anonymous_1)
FNDA:3,(anonymous_2)
DA:1,1
DA:8,1
DA:9,13
DA:10,13
DA:11,53
DA:12,53
DA:13,27
DA:14,26
DA:15,25
DA:16,1
DA:18,24
DA:20,1
DA:23,11
DA:26,1
DA:27,3
DA:28,3
DA:29,43
DA:30,43
DA:31,9
DA:32,34
DA:33,8
DA:34,0
DA:36,8
DA:37,8
DA:39,8
DA:40,1
DA:44,2
LF:27
LH:26
BRDA:12,0,0,27
BRDA:12,0,1,26
BRDA:14,1,0,25
BRDA:14,1,1,1
BRDA:15,2,0,1
BRDA:15,2,1,24
BRDA:30,3,0,9
BRDA:30,3,1,34
BRDA:30,4,0,43
BRDA:30,4,1,38
BRDA:30,4,2,36
BRDA:32,5,0,8
BRDA:32,5,1,26
BRDA:32,6,0,34
BRDA:32,6,1,30
BRDA:32,6,2,28
BRDA:33,7,0,0
BRDA:33,7,1,8
BRDA:39,8,0,1
BRDA:39,8,1,7
BRDA:39,9,0,8
BRDA:39,9,1,7
BRF:22
BRH:21
end_of_record
